This file contains any messages produced by compilers while
running configure, to aid debugging if configure makes a mistake.

It was created by configure, which was
generated by GNU Autoconf 2.65.  Invocation command line was

  $ ./configure --host=arm-linux --build=i386-linux --prefix=/home/yangkai/mixpad_minigui_app/lib_src/mspider-2.2.0/../..//libs

## --------- ##
## Platform. ##
## --------- ##

hostname = ubuntu
uname -m = x86_64
uname -r = 4.4.0-131-generic
uname -s = Linux
uname -v = #157-Ubuntu SMP Thu Jul 12 15:51:36 UTC 2018

/usr/bin/uname -p = unknown
/bin/uname -X     = unknown

/bin/arch              = unknown
/usr/bin/arch -k       = unknown
/usr/convex/getsysinfo = unknown
/usr/bin/hostinfo      = unknown
/bin/machine           = unknown
/usr/bin/oslevel       = unknown
/bin/universe          = unknown

PATH: /home/yangkai/bin
PATH: /home/yangkai/.local/bin
PATH: /usr/local/sbin
PATH: /usr/local/bin
PATH: /usr/sbin
PATH: /usr/bin
PATH: /sbin
PATH: /bin
PATH: /usr/games
PATH: /usr/local/games
PATH: /snap/bin


## ----------- ##
## Core tests. ##
## ----------- ##

configure:2417: checking build system type
configure:2431: result: i386-pc-linux-gnu
configure:2451: checking host system type
configure:2464: result: arm-unknown-linux-gnu
configure:2484: checking target system type
configure:2497: result: arm-unknown-linux-gnu
configure:2533: checking for arm-linux-gcc
configure:2560: result: /home/yangkai/mixpad_minigui_app/lib_src/mspider-2.2.0/../..//tools/toolchain/bin/aarch64-linux-gcc
configure:2829: checking for C compiler version
configure:2838: /home/yangkai/mixpad_minigui_app/lib_src/mspider-2.2.0/../..//tools/toolchain/bin/aarch64-linux-gcc --version >&5
aarch64-linux-gcc.br_real (Buildroot 2018.02-rc3-gff4677d) 6.5.0
Copyright (C) 2017 Free Software Foundation, Inc.
This is free software; see the source for copying conditions.  There is NO
warranty; not even for MERCHANTABILITY or FITNESS FOR A PARTICULAR PURPOSE.

configure:2849: $? = 0
configure:2838: /home/yangkai/mixpad_minigui_app/lib_src/mspider-2.2.0/../..//tools/toolchain/bin/aarch64-linux-gcc -v >&5
Using built-in specs.
COLLECT_GCC=/home/yangkai/mixpad_rk3326_linux/buildroot/output/rockchip_rk3326_64/host/bin/aarch64-linux-gcc.br_real
COLLECT_LTO_WRAPPER=/home/yangkai/mixpad_rk3326_linux/buildroot/output/rockchip_rk3326_64/host/bin/../libexec/gcc/aarch64-buildroot-linux-gnu/6.5.0/lto-wrapper
Target: aarch64-buildroot-linux-gnu
Configured with: ./configure --prefix=/home/zhuxunhua/mixpad_rk3326_linux/buildroot/output/rockchip_rk3326_64/host --sysconfdir=/home/zhuxunhua/mixpad_rk3326_linux/buildroot/output/rockchip_rk3326_64/host/etc --enable-static --target=aarch64-buildroot-linux-gnu --with-sysroot=/home/zhuxunhua/mixpad_rk3326_linux/buildroot/output/rockchip_rk3326_64/host/aarch64-buildroot-linux-gnu/sysroot --enable-__cxa_atexit --with-gnu-ld --disable-libssp --disable-multilib --with-gmp=/home/zhuxunhua/mixpad_rk3326_linux/buildroot/output/rockchip_rk3326_64/host --with-mpc=/home/zhuxunhua/mixpad_rk3326_linux/buildroot/output/rockchip_rk3326_64/host --with-mpfr=/home/zhuxunhua/mixpad_rk3326_linux/buildroot/output/rockchip_rk3326_64/host --with-pkgversion='Buildroot 2018.02-rc3-gff4677d' --with-bugurl=http://bugs.buildroot.net/ --disable-libquadmath --enable-tls --disable-libmudflap --enable-threads --without-isl --without-cloog --disable-decimal-float --with-abi=lp64 --with-cpu=cortex-a35 --enable-languages=c,c++ --with-build-time-tools=/home/zhuxunhua/mixpad_rk3326_linux/buildroot/output/rockchip_rk3326_64/host/aarch64-buildroot-linux-gnu/bin --enable-shared --disable-libgomp
Thread model: posix
gcc version 6.5.0 (Buildroot 2018.02-rc3-gff4677d) 
configure:2849: $? = 0
configure:2838: /home/yangkai/mixpad_minigui_app/lib_src/mspider-2.2.0/../..//tools/toolchain/bin/aarch64-linux-gcc -V >&5
aarch64-linux-gcc.br_real: error: unrecognized command line option '-V'
aarch64-linux-gcc.br_real: fatal error: no input files
compilation terminated.
configure:2849: $? = 1
configure:2838: /home/yangkai/mixpad_minigui_app/lib_src/mspider-2.2.0/../..//tools/toolchain/bin/aarch64-linux-gcc -qversion >&5
aarch64-linux-gcc.br_real: error: unrecognized command line option '-qversion'; did you mean '--version'?
aarch64-linux-gcc.br_real: fatal error: no input files
compilation terminated.
configure:2849: $? = 1
configure:2869: checking whether the C compiler works
configure:2891: /home/yangkai/mixpad_minigui_app/lib_src/mspider-2.2.0/../..//tools/toolchain/bin/aarch64-linux-gcc -I/home/yangkai/mixpad_minigui_app/lib_src/mspider-2.2.0/../..//tools/toolchain/usr/include -I/home/yangkai/mixpad_minigui_app/lib_src/mspider-2.2.0/../..//tools/toolchain/include -I/home/yangkai/mixpad_minigui_app/lib_src/mspider-2.2.0/../..//sysroot/usr/include  -I/home/yangkai/mixpad_minigui_app/lib_src/mspider-2.2.0/../..//libs/include -I/home/yangkai/mixpad_minigui_app/lib_src/mspider-2.2.0/../..//tools/toolchain/usr/include -I/home/yangkai/mixpad_minigui_app/lib_src/mspider-2.2.0/../..//tools/toolchain/include -I/home/yangkai/mixpad_minigui_app/lib_src/mspider-2.2.0/../..//sysroot/usr/include  -I/home/yangkai/mixpad_minigui_app/lib_src/mspider-2.2.0/../..//libs/include -L/home/yangkai/mixpad_minigui_app/lib_src/mspider-2.2.0/../..//libs/lib/libminigui_ths conftest.c  >&5
configure:2895: $? = 0
configure:2944: result: yes
configure:2947: checking for C compiler default output file name
configure:2949: result: a.out
configure:2955: checking for suffix of executables
configure:2962: /home/yangkai/mixpad_minigui_app/lib_src/mspider-2.2.0/../..//tools/toolchain/bin/aarch64-linux-gcc -o conftest -I/home/yangkai/mixpad_minigui_app/lib_src/mspider-2.2.0/../..//tools/toolchain/usr/include -I/home/yangkai/mixpad_minigui_app/lib_src/mspider-2.2.0/../..//tools/toolchain/include -I/home/yangkai/mixpad_minigui_app/lib_src/mspider-2.2.0/../..//sysroot/usr/include  -I/home/yangkai/mixpad_minigui_app/lib_src/mspider-2.2.0/../..//libs/include -I/home/yangkai/mixpad_minigui_app/lib_src/mspider-2.2.0/../..//tools/toolchain/usr/include -I/home/yangkai/mixpad_minigui_app/lib_src/mspider-2.2.0/../..//tools/toolchain/include -I/home/yangkai/mixpad_minigui_app/lib_src/mspider-2.2.0/../..//sysroot/usr/include  -I/home/yangkai/mixpad_minigui_app/lib_src/mspider-2.2.0/../..//libs/include -L/home/yangkai/mixpad_minigui_app/lib_src/mspider-2.2.0/../..//libs/lib/libminigui_ths conftest.c  >&5
configure:2966: $? = 0
configure:2988: result: 
configure:3010: checking whether we are cross compiling
configure:3048: result: yes
configure:3053: checking for suffix of object files
configure:3075: /home/yangkai/mixpad_minigui_app/lib_src/mspider-2.2.0/../..//tools/toolchain/bin/aarch64-linux-gcc -c -I/home/yangkai/mixpad_minigui_app/lib_src/mspider-2.2.0/../..//tools/toolchain/usr/include -I/home/yangkai/mixpad_minigui_app/lib_src/mspider-2.2.0/../..//tools/toolchain/include -I/home/yangkai/mixpad_minigui_app/lib_src/mspider-2.2.0/../..//sysroot/usr/include  -I/home/yangkai/mixpad_minigui_app/lib_src/mspider-2.2.0/../..//libs/include -I/home/yangkai/mixpad_minigui_app/lib_src/mspider-2.2.0/../..//tools/toolchain/usr/include -I/home/yangkai/mixpad_minigui_app/lib_src/mspider-2.2.0/../..//tools/toolchain/include -I/home/yangkai/mixpad_minigui_app/lib_src/mspider-2.2.0/../..//sysroot/usr/include  -I/home/yangkai/mixpad_minigui_app/lib_src/mspider-2.2.0/../..//libs/include conftest.c >&5
configure:3079: $? = 0
configure:3100: result: o
configure:3104: checking whether we are using the GNU C compiler
configure:3123: /home/yangkai/mixpad_minigui_app/lib_src/mspider-2.2.0/../..//tools/toolchain/bin/aarch64-linux-gcc -c -I/home/yangkai/mixpad_minigui_app/lib_src/mspider-2.2.0/../..//tools/toolchain/usr/include -I/home/yangkai/mixpad_minigui_app/lib_src/mspider-2.2.0/../..//tools/toolchain/include -I/home/yangkai/mixpad_minigui_app/lib_src/mspider-2.2.0/../..//sysroot/usr/include  -I/home/yangkai/mixpad_minigui_app/lib_src/mspider-2.2.0/../..//libs/include -I/home/yangkai/mixpad_minigui_app/lib_src/mspider-2.2.0/../..//tools/toolchain/usr/include -I/home/yangkai/mixpad_minigui_app/lib_src/mspider-2.2.0/../..//tools/toolchain/include -I/home/yangkai/mixpad_minigui_app/lib_src/mspider-2.2.0/../..//sysroot/usr/include  -I/home/yangkai/mixpad_minigui_app/lib_src/mspider-2.2.0/../..//libs/include conftest.c >&5
configure:3123: $? = 0
configure:3132: result: yes
configure:3141: checking whether /home/yangkai/mixpad_minigui_app/lib_src/mspider-2.2.0/../..//tools/toolchain/bin/aarch64-linux-gcc accepts -g
configure:3161: /home/yangkai/mixpad_minigui_app/lib_src/mspider-2.2.0/../..//tools/toolchain/bin/aarch64-linux-gcc -c -g -I/home/yangkai/mixpad_minigui_app/lib_src/mspider-2.2.0/../..//tools/toolchain/usr/include -I/home/yangkai/mixpad_minigui_app/lib_src/mspider-2.2.0/../..//tools/toolchain/include -I/home/yangkai/mixpad_minigui_app/lib_src/mspider-2.2.0/../..//sysroot/usr/include  -I/home/yangkai/mixpad_minigui_app/lib_src/mspider-2.2.0/../..//libs/include conftest.c >&5
configure:3161: $? = 0
configure:3202: result: yes
configure:3219: checking for /home/yangkai/mixpad_minigui_app/lib_src/mspider-2.2.0/../..//tools/toolchain/bin/aarch64-linux-gcc option to accept ISO C89
configure:3283: /home/yangkai/mixpad_minigui_app/lib_src/mspider-2.2.0/../..//tools/toolchain/bin/aarch64-linux-gcc  -c -I/home/yangkai/mixpad_minigui_app/lib_src/mspider-2.2.0/../..//tools/toolchain/usr/include -I/home/yangkai/mixpad_minigui_app/lib_src/mspider-2.2.0/../..//tools/toolchain/include -I/home/yangkai/mixpad_minigui_app/lib_src/mspider-2.2.0/../..//sysroot/usr/include  -I/home/yangkai/mixpad_minigui_app/lib_src/mspider-2.2.0/../..//libs/include -I/home/yangkai/mixpad_minigui_app/lib_src/mspider-2.2.0/../..//tools/toolchain/usr/include -I/home/yangkai/mixpad_minigui_app/lib_src/mspider-2.2.0/../..//tools/toolchain/include -I/home/yangkai/mixpad_minigui_app/lib_src/mspider-2.2.0/../..//sysroot/usr/include  -I/home/yangkai/mixpad_minigui_app/lib_src/mspider-2.2.0/../..//libs/include conftest.c >&5
configure:3283: $? = 0
configure:3296: result: none needed
configure:3428: checking for C++ compiler version
configure:3437: /home/yangkai/mixpad_minigui_app/lib_src/mspider-2.2.0/../..//tools/toolchain/bin/aarch64-linux-g++ --version >&5
aarch64-linux-g++.br_real (Buildroot 2018.02-rc3-gff4677d) 6.5.0
Copyright (C) 2017 Free Software Foundation, Inc.
This is free software; see the source for copying conditions.  There is NO
warranty; not even for MERCHANTABILITY or FITNESS FOR A PARTICULAR PURPOSE.

configure:3448: $? = 0
configure:3437: /home/yangkai/mixpad_minigui_app/lib_src/mspider-2.2.0/../..//tools/toolchain/bin/aarch64-linux-g++ -v >&5
Using built-in specs.
COLLECT_GCC=/home/yangkai/mixpad_rk3326_linux/buildroot/output/rockchip_rk3326_64/host/bin/aarch64-linux-g++.br_real
COLLECT_LTO_WRAPPER=/home/yangkai/mixpad_rk3326_linux/buildroot/output/rockchip_rk3326_64/host/bin/../libexec/gcc/aarch64-buildroot-linux-gnu/6.5.0/lto-wrapper
Target: aarch64-buildroot-linux-gnu
Configured with: ./configure --prefix=/home/zhuxunhua/mixpad_rk3326_linux/buildroot/output/rockchip_rk3326_64/host --sysconfdir=/home/zhuxunhua/mixpad_rk3326_linux/buildroot/output/rockchip_rk3326_64/host/etc --enable-static --target=aarch64-buildroot-linux-gnu --with-sysroot=/home/zhuxunhua/mixpad_rk3326_linux/buildroot/output/rockchip_rk3326_64/host/aarch64-buildroot-linux-gnu/sysroot --enable-__cxa_atexit --with-gnu-ld --disable-libssp --disable-multilib --with-gmp=/home/zhuxunhua/mixpad_rk3326_linux/buildroot/output/rockchip_rk3326_64/host --with-mpc=/home/zhuxunhua/mixpad_rk3326_linux/buildroot/output/rockchip_rk3326_64/host --with-mpfr=/home/zhuxunhua/mixpad_rk3326_linux/buildroot/output/rockchip_rk3326_64/host --with-pkgversion='Buildroot 2018.02-rc3-gff4677d' --with-bugurl=http://bugs.buildroot.net/ --disable-libquadmath --enable-tls --disable-libmudflap --enable-threads --without-isl --without-cloog --disable-decimal-float --with-abi=lp64 --with-cpu=cortex-a35 --enable-languages=c,c++ --with-build-time-tools=/home/zhuxunhua/mixpad_rk3326_linux/buildroot/output/rockchip_rk3326_64/host/aarch64-buildroot-linux-gnu/bin --enable-shared --disable-libgomp
Thread model: posix
gcc version 6.5.0 (Buildroot 2018.02-rc3-gff4677d) 
configure:3448: $? = 0
configure:3437: /home/yangkai/mixpad_minigui_app/lib_src/mspider-2.2.0/../..//tools/toolchain/bin/aarch64-linux-g++ -V >&5
aarch64-linux-g++.br_real: error: unrecognized command line option '-V'
aarch64-linux-g++.br_real: fatal error: no input files
compilation terminated.
configure:3448: $? = 1
configure:3437: /home/yangkai/mixpad_minigui_app/lib_src/mspider-2.2.0/../..//tools/toolchain/bin/aarch64-linux-g++ -qversion >&5
aarch64-linux-g++.br_real: error: unrecognized command line option '-qversion'; did you mean '--version'?
aarch64-linux-g++.br_real: fatal error: no input files
compilation terminated.
configure:3448: $? = 1
configure:3452: checking whether we are using the GNU C++ compiler
configure:3471: /home/yangkai/mixpad_minigui_app/lib_src/mspider-2.2.0/../..//tools/toolchain/bin/aarch64-linux-g++ -c  -I/home/yangkai/mixpad_minigui_app/lib_src/mspider-2.2.0/../..//tools/toolchain/usr/include -I/home/yangkai/mixpad_minigui_app/lib_src/mspider-2.2.0/../..//tools/toolchain/include -I/home/yangkai/mixpad_minigui_app/lib_src/mspider-2.2.0/../..//sysroot/usr/include  -I/home/yangkai/mixpad_minigui_app/lib_src/mspider-2.2.0/../..//libs/include conftest.cpp >&5
configure:3471: $? = 0
configure:3480: result: yes
configure:3489: checking whether /home/yangkai/mixpad_minigui_app/lib_src/mspider-2.2.0/../..//tools/toolchain/bin/aarch64-linux-g++ accepts -g
configure:3509: /home/yangkai/mixpad_minigui_app/lib_src/mspider-2.2.0/../..//tools/toolchain/bin/aarch64-linux-g++ -c -g -I/home/yangkai/mixpad_minigui_app/lib_src/mspider-2.2.0/../..//tools/toolchain/usr/include -I/home/yangkai/mixpad_minigui_app/lib_src/mspider-2.2.0/../..//tools/toolchain/include -I/home/yangkai/mixpad_minigui_app/lib_src/mspider-2.2.0/../..//sysroot/usr/include  -I/home/yangkai/mixpad_minigui_app/lib_src/mspider-2.2.0/../..//libs/include conftest.cpp >&5
configure:3509: $? = 0
configure:3550: result: yes
configure:3595: checking for ld used by GCC
configure:3658: result: /home/yangkai/mixpad_rk3326_linux/buildroot/output/rockchip_rk3326_64/host/aarch64-buildroot-linux-gnu/bin/ld
configure:3665: checking if the linker (/home/yangkai/mixpad_rk3326_linux/buildroot/output/rockchip_rk3326_64/host/aarch64-buildroot-linux-gnu/bin/ld) is GNU ld
GNU ld (GNU Binutils) 2.29.1
configure:3677: result: yes
configure:3685: checking for arm-linux-ranlib
configure:3715: result: no
configure:3725: checking for ranlib
configure:3741: found /usr/bin/ranlib
configure:3752: result: ranlib
configure:3764: WARNING: using cross tools not prefixed with host triplet
configure:3840: checking for /home/yangkai/mixpad_rk3326_linux/buildroot/output/rockchip_rk3326_64/host/aarch64-buildroot-linux-gnu/bin/ld option to reload object files
configure:3847: result: -r
configure:3852: checking for BSD-compatible nm
configure:3888: result: nm
configure:3891: checking for a sed that does not truncate output
configure:3973: result: /bin/sed
configure:3976: checking whether ln -s works
configure:3980: result: yes
configure:3987: checking how to recognise dependent libraries
configure:4168: result: file_magic ELF [0-9][0-9]*-bit [LM]SB (shared object|dynamic lib )
configure:4181: checking command to parse nm output
configure:4265: /home/yangkai/mixpad_minigui_app/lib_src/mspider-2.2.0/../..//tools/toolchain/bin/aarch64-linux-gcc -c -I/home/yangkai/mixpad_minigui_app/lib_src/mspider-2.2.0/../..//tools/toolchain/usr/include -I/home/yangkai/mixpad_minigui_app/lib_src/mspider-2.2.0/../..//tools/toolchain/include -I/home/yangkai/mixpad_minigui_app/lib_src/mspider-2.2.0/../..//sysroot/usr/include  -I/home/yangkai/mixpad_minigui_app/lib_src/mspider-2.2.0/../..//libs/include -I/home/yangkai/mixpad_minigui_app/lib_src/mspider-2.2.0/../..//tools/toolchain/usr/include -I/home/yangkai/mixpad_minigui_app/lib_src/mspider-2.2.0/../..//tools/toolchain/include -I/home/yangkai/mixpad_minigui_app/lib_src/mspider-2.2.0/../..//sysroot/usr/include  -I/home/yangkai/mixpad_minigui_app/lib_src/mspider-2.2.0/../..//libs/include conftest.c >&5
configure:4268: $? = 0
configure:4272: nm conftest.o \| sed -n -e 's/^.*[ 	]\([ABCDGISTW][ABCDGISTW]*\)[ 	][ 	]*\(\)\([_A-Za-z][_A-Za-z0-9]*\)$/\1 \2\3 \3/p' \> conftest.nm
configure:4275: $? = 0
configure:4327: /home/yangkai/mixpad_minigui_app/lib_src/mspider-2.2.0/../..//tools/toolchain/bin/aarch64-linux-gcc -o conftest -I/home/yangkai/mixpad_minigui_app/lib_src/mspider-2.2.0/../..//tools/toolchain/usr/include -I/home/yangkai/mixpad_minigui_app/lib_src/mspider-2.2.0/../..//tools/toolchain/include -I/home/yangkai/mixpad_minigui_app/lib_src/mspider-2.2.0/../..//sysroot/usr/include  -I/home/yangkai/mixpad_minigui_app/lib_src/mspider-2.2.0/../..//libs/include -I/home/yangkai/mixpad_minigui_app/lib_src/mspider-2.2.0/../..//tools/toolchain/usr/include -I/home/yangkai/mixpad_minigui_app/lib_src/mspider-2.2.0/../..//tools/toolchain/include -I/home/yangkai/mixpad_minigui_app/lib_src/mspider-2.2.0/../..//sysroot/usr/include  -I/home/yangkai/mixpad_minigui_app/lib_src/mspider-2.2.0/../..//libs/include -L/home/yangkai/mixpad_minigui_app/lib_src/mspider-2.2.0/../..//libs/lib/libminigui_ths conftest.c conftstm.o >&5
configure:4330: $? = 0
configure:4374: result: ok
configure:4383: checking how to run the C preprocessor
configure:4414: /home/yangkai/mixpad_minigui_app/lib_src/mspider-2.2.0/../..//tools/toolchain/bin/aarch64-linux-gcc -E -I/home/yangkai/mixpad_minigui_app/lib_src/mspider-2.2.0/../..//tools/toolchain/usr/include -I/home/yangkai/mixpad_minigui_app/lib_src/mspider-2.2.0/../..//tools/toolchain/include -I/home/yangkai/mixpad_minigui_app/lib_src/mspider-2.2.0/../..//sysroot/usr/include  -I/home/yangkai/mixpad_minigui_app/lib_src/mspider-2.2.0/../..//libs/include conftest.c
configure:4414: $? = 0
configure:4428: /home/yangkai/mixpad_minigui_app/lib_src/mspider-2.2.0/../..//tools/toolchain/bin/aarch64-linux-gcc -E -I/home/yangkai/mixpad_minigui_app/lib_src/mspider-2.2.0/../..//tools/toolchain/usr/include -I/home/yangkai/mixpad_minigui_app/lib_src/mspider-2.2.0/../..//tools/toolchain/include -I/home/yangkai/mixpad_minigui_app/lib_src/mspider-2.2.0/../..//sysroot/usr/include  -I/home/yangkai/mixpad_minigui_app/lib_src/mspider-2.2.0/../..//libs/include conftest.c
conftest.c:9:28: fatal error: ac_nonexistent.h: No such file or directory
 #include <ac_nonexistent.h>
                            ^
compilation terminated.
configure:4428: $? = 1
configure: failed program was:
| /* confdefs.h */
| #define PACKAGE_NAME ""
| #define PACKAGE_TARNAME ""
| #define PACKAGE_VERSION ""
| #define PACKAGE_STRING ""
| #define PACKAGE_BUGREPORT ""
| #define PACKAGE_URL ""
| /* end confdefs.h.  */
| #include <ac_nonexistent.h>
configure:4453: result: /home/yangkai/mixpad_minigui_app/lib_src/mspider-2.2.0/../..//tools/toolchain/bin/aarch64-linux-gcc -E
configure:4473: /home/yangkai/mixpad_minigui_app/lib_src/mspider-2.2.0/../..//tools/toolchain/bin/aarch64-linux-gcc -E -I/home/yangkai/mixpad_minigui_app/lib_src/mspider-2.2.0/../..//tools/toolchain/usr/include -I/home/yangkai/mixpad_minigui_app/lib_src/mspider-2.2.0/../..//tools/toolchain/include -I/home/yangkai/mixpad_minigui_app/lib_src/mspider-2.2.0/../..//sysroot/usr/include  -I/home/yangkai/mixpad_minigui_app/lib_src/mspider-2.2.0/../..//libs/include conftest.c
configure:4473: $? = 0
configure:4487: /home/yangkai/mixpad_minigui_app/lib_src/mspider-2.2.0/../..//tools/toolchain/bin/aarch64-linux-gcc -E -I/home/yangkai/mixpad_minigui_app/lib_src/mspider-2.2.0/../..//tools/toolchain/usr/include -I/home/yangkai/mixpad_minigui_app/lib_src/mspider-2.2.0/../..//tools/toolchain/include -I/home/yangkai/mixpad_minigui_app/lib_src/mspider-2.2.0/../..//sysroot/usr/include  -I/home/yangkai/mixpad_minigui_app/lib_src/mspider-2.2.0/../..//libs/include conftest.c
conftest.c:9:28: fatal error: ac_nonexistent.h: No such file or directory
 #include <ac_nonexistent.h>
                            ^
compilation terminated.
configure:4487: $? = 1
configure: failed program was:
| /* confdefs.h */
| #define PACKAGE_NAME ""
| #define PACKAGE_TARNAME ""
| #define PACKAGE_VERSION ""
| #define PACKAGE_STRING ""
| #define PACKAGE_BUGREPORT ""
| #define PACKAGE_URL ""
| /* end confdefs.h.  */
| #include <ac_nonexistent.h>
configure:4516: checking for grep that handles long lines and -e
configure:4574: result: /bin/grep
configure:4579: checking for egrep
configure:4641: result: /bin/grep -E
configure:4646: checking for ANSI C header files
configure:4666: /home/yangkai/mixpad_minigui_app/lib_src/mspider-2.2.0/../..//tools/toolchain/bin/aarch64-linux-gcc -c -I/home/yangkai/mixpad_minigui_app/lib_src/mspider-2.2.0/../..//tools/toolchain/usr/include -I/home/yangkai/mixpad_minigui_app/lib_src/mspider-2.2.0/../..//tools/toolchain/include -I/home/yangkai/mixpad_minigui_app/lib_src/mspider-2.2.0/../..//sysroot/usr/include  -I/home/yangkai/mixpad_minigui_app/lib_src/mspider-2.2.0/../..//libs/include -I/home/yangkai/mixpad_minigui_app/lib_src/mspider-2.2.0/../..//tools/toolchain/usr/include -I/home/yangkai/mixpad_minigui_app/lib_src/mspider-2.2.0/../..//tools/toolchain/include -I/home/yangkai/mixpad_minigui_app/lib_src/mspider-2.2.0/../..//sysroot/usr/include  -I/home/yangkai/mixpad_minigui_app/lib_src/mspider-2.2.0/../..//libs/include conftest.c >&5
configure:4666: $? = 0
configure:4750: result: yes
configure:4763: checking for sys/types.h
configure:4763: /home/yangkai/mixpad_minigui_app/lib_src/mspider-2.2.0/../..//tools/toolchain/bin/aarch64-linux-gcc -c -I/home/yangkai/mixpad_minigui_app/lib_src/mspider-2.2.0/../..//tools/toolchain/usr/include -I/home/yangkai/mixpad_minigui_app/lib_src/mspider-2.2.0/../..//tools/toolchain/include -I/home/yangkai/mixpad_minigui_app/lib_src/mspider-2.2.0/../..//sysroot/usr/include  -I/home/yangkai/mixpad_minigui_app/lib_src/mspider-2.2.0/../..//libs/include -I/home/yangkai/mixpad_minigui_app/lib_src/mspider-2.2.0/../..//tools/toolchain/usr/include -I/home/yangkai/mixpad_minigui_app/lib_src/mspider-2.2.0/../..//tools/toolchain/include -I/home/yangkai/mixpad_minigui_app/lib_src/mspider-2.2.0/../..//sysroot/usr/include  -I/home/yangkai/mixpad_minigui_app/lib_src/mspider-2.2.0/../..//libs/include conftest.c >&5
configure:4763: $? = 0
configure:4763: result: yes
configure:4763: checking for sys/stat.h
configure:4763: /home/yangkai/mixpad_minigui_app/lib_src/mspider-2.2.0/../..//tools/toolchain/bin/aarch64-linux-gcc -c -I/home/yangkai/mixpad_minigui_app/lib_src/mspider-2.2.0/../..//tools/toolchain/usr/include -I/home/yangkai/mixpad_minigui_app/lib_src/mspider-2.2.0/../..//tools/toolchain/include -I/home/yangkai/mixpad_minigui_app/lib_src/mspider-2.2.0/../..//sysroot/usr/include  -I/home/yangkai/mixpad_minigui_app/lib_src/mspider-2.2.0/../..//libs/include -I/home/yangkai/mixpad_minigui_app/lib_src/mspider-2.2.0/../..//tools/toolchain/usr/include -I/home/yangkai/mixpad_minigui_app/lib_src/mspider-2.2.0/../..//tools/toolchain/include -I/home/yangkai/mixpad_minigui_app/lib_src/mspider-2.2.0/../..//sysroot/usr/include  -I/home/yangkai/mixpad_minigui_app/lib_src/mspider-2.2.0/../..//libs/include conftest.c >&5
configure:4763: $? = 0
configure:4763: result: yes
configure:4763: checking for stdlib.h
configure:4763: /home/yangkai/mixpad_minigui_app/lib_src/mspider-2.2.0/../..//tools/toolchain/bin/aarch64-linux-gcc -c -I/home/yangkai/mixpad_minigui_app/lib_src/mspider-2.2.0/../..//tools/toolchain/usr/include -I/home/yangkai/mixpad_minigui_app/lib_src/mspider-2.2.0/../..//tools/toolchain/include -I/home/yangkai/mixpad_minigui_app/lib_src/mspider-2.2.0/../..//sysroot/usr/include  -I/home/yangkai/mixpad_minigui_app/lib_src/mspider-2.2.0/../..//libs/include -I/home/yangkai/mixpad_minigui_app/lib_src/mspider-2.2.0/../..//tools/toolchain/usr/include -I/home/yangkai/mixpad_minigui_app/lib_src/mspider-2.2.0/../..//tools/toolchain/include -I/home/yangkai/mixpad_minigui_app/lib_src/mspider-2.2.0/../..//sysroot/usr/include  -I/home/yangkai/mixpad_minigui_app/lib_src/mspider-2.2.0/../..//libs/include conftest.c >&5
configure:4763: $? = 0
configure:4763: result: yes
configure:4763: checking for string.h
configure:4763: /home/yangkai/mixpad_minigui_app/lib_src/mspider-2.2.0/../..//tools/toolchain/bin/aarch64-linux-gcc -c -I/home/yangkai/mixpad_minigui_app/lib_src/mspider-2.2.0/../..//tools/toolchain/usr/include -I/home/yangkai/mixpad_minigui_app/lib_src/mspider-2.2.0/../..//tools/toolchain/include -I/home/yangkai/mixpad_minigui_app/lib_src/mspider-2.2.0/../..//sysroot/usr/include  -I/home/yangkai/mixpad_minigui_app/lib_src/mspider-2.2.0/../..//libs/include -I/home/yangkai/mixpad_minigui_app/lib_src/mspider-2.2.0/../..//tools/toolchain/usr/include -I/home/yangkai/mixpad_minigui_app/lib_src/mspider-2.2.0/../..//tools/toolchain/include -I/home/yangkai/mixpad_minigui_app/lib_src/mspider-2.2.0/../..//sysroot/usr/include  -I/home/yangkai/mixpad_minigui_app/lib_src/mspider-2.2.0/../..//libs/include conftest.c >&5
configure:4763: $? = 0
configure:4763: result: yes
configure:4763: checking for memory.h
configure:4763: /home/yangkai/mixpad_minigui_app/lib_src/mspider-2.2.0/../..//tools/toolchain/bin/aarch64-linux-gcc -c -I/home/yangkai/mixpad_minigui_app/lib_src/mspider-2.2.0/../..//tools/toolchain/usr/include -I/home/yangkai/mixpad_minigui_app/lib_src/mspider-2.2.0/../..//tools/toolchain/include -I/home/yangkai/mixpad_minigui_app/lib_src/mspider-2.2.0/../..//sysroot/usr/include  -I/home/yangkai/mixpad_minigui_app/lib_src/mspider-2.2.0/../..//libs/include -I/home/yangkai/mixpad_minigui_app/lib_src/mspider-2.2.0/../..//tools/toolchain/usr/include -I/home/yangkai/mixpad_minigui_app/lib_src/mspider-2.2.0/../..//tools/toolchain/include -I/home/yangkai/mixpad_minigui_app/lib_src/mspider-2.2.0/../..//sysroot/usr/include  -I/home/yangkai/mixpad_minigui_app/lib_src/mspider-2.2.0/../..//libs/include conftest.c >&5
configure:4763: $? = 0
configure:4763: result: yes
configure:4763: checking for strings.h
configure:4763: /home/yangkai/mixpad_minigui_app/lib_src/mspider-2.2.0/../..//tools/toolchain/bin/aarch64-linux-gcc -c -I/home/yangkai/mixpad_minigui_app/lib_src/mspider-2.2.0/../..//tools/toolchain/usr/include -I/home/yangkai/mixpad_minigui_app/lib_src/mspider-2.2.0/../..//tools/toolchain/include -I/home/yangkai/mixpad_minigui_app/lib_src/mspider-2.2.0/../..//sysroot/usr/include  -I/home/yangkai/mixpad_minigui_app/lib_src/mspider-2.2.0/../..//libs/include -I/home/yangkai/mixpad_minigui_app/lib_src/mspider-2.2.0/../..//tools/toolchain/usr/include -I/home/yangkai/mixpad_minigui_app/lib_src/mspider-2.2.0/../..//tools/toolchain/include -I/home/yangkai/mixpad_minigui_app/lib_src/mspider-2.2.0/../..//sysroot/usr/include  -I/home/yangkai/mixpad_minigui_app/lib_src/mspider-2.2.0/../..//libs/include conftest.c >&5
configure:4763: $? = 0
configure:4763: result: yes
configure:4763: checking for inttypes.h
configure:4763: /home/yangkai/mixpad_minigui_app/lib_src/mspider-2.2.0/../..//tools/toolchain/bin/aarch64-linux-gcc -c -I/home/yangkai/mixpad_minigui_app/lib_src/mspider-2.2.0/../..//tools/toolchain/usr/include -I/home/yangkai/mixpad_minigui_app/lib_src/mspider-2.2.0/../..//tools/toolchain/include -I/home/yangkai/mixpad_minigui_app/lib_src/mspider-2.2.0/../..//sysroot/usr/include  -I/home/yangkai/mixpad_minigui_app/lib_src/mspider-2.2.0/../..//libs/include -I/home/yangkai/mixpad_minigui_app/lib_src/mspider-2.2.0/../..//tools/toolchain/usr/include -I/home/yangkai/mixpad_minigui_app/lib_src/mspider-2.2.0/../..//tools/toolchain/include -I/home/yangkai/mixpad_minigui_app/lib_src/mspider-2.2.0/../..//sysroot/usr/include  -I/home/yangkai/mixpad_minigui_app/lib_src/mspider-2.2.0/../..//libs/include conftest.c >&5
configure:4763: $? = 0
configure:4763: result: yes
configure:4763: checking for stdint.h
configure:4763: /home/yangkai/mixpad_minigui_app/lib_src/mspider-2.2.0/../..//tools/toolchain/bin/aarch64-linux-gcc -c -I/home/yangkai/mixpad_minigui_app/lib_src/mspider-2.2.0/../..//tools/toolchain/usr/include -I/home/yangkai/mixpad_minigui_app/lib_src/mspider-2.2.0/../..//tools/toolchain/include -I/home/yangkai/mixpad_minigui_app/lib_src/mspider-2.2.0/../..//sysroot/usr/include  -I/home/yangkai/mixpad_minigui_app/lib_src/mspider-2.2.0/../..//libs/include -I/home/yangkai/mixpad_minigui_app/lib_src/mspider-2.2.0/../..//tools/toolchain/usr/include -I/home/yangkai/mixpad_minigui_app/lib_src/mspider-2.2.0/../..//tools/toolchain/include -I/home/yangkai/mixpad_minigui_app/lib_src/mspider-2.2.0/../..//sysroot/usr/include  -I/home/yangkai/mixpad_minigui_app/lib_src/mspider-2.2.0/../..//libs/include conftest.c >&5
configure:4763: $? = 0
configure:4763: result: yes
configure:4763: checking for unistd.h
configure:4763: /home/yangkai/mixpad_minigui_app/lib_src/mspider-2.2.0/../..//tools/toolchain/bin/aarch64-linux-gcc -c -I/home/yangkai/mixpad_minigui_app/lib_src/mspider-2.2.0/../..//tools/toolchain/usr/include -I/home/yangkai/mixpad_minigui_app/lib_src/mspider-2.2.0/../..//tools/toolchain/include -I/home/yangkai/mixpad_minigui_app/lib_src/mspider-2.2.0/../..//sysroot/usr/include  -I/home/yangkai/mixpad_minigui_app/lib_src/mspider-2.2.0/../..//libs/include -I/home/yangkai/mixpad_minigui_app/lib_src/mspider-2.2.0/../..//tools/toolchain/usr/include -I/home/yangkai/mixpad_minigui_app/lib_src/mspider-2.2.0/../..//tools/toolchain/include -I/home/yangkai/mixpad_minigui_app/lib_src/mspider-2.2.0/../..//sysroot/usr/include  -I/home/yangkai/mixpad_minigui_app/lib_src/mspider-2.2.0/../..//libs/include conftest.c >&5
configure:4763: $? = 0
configure:4763: result: yes
configure:4778: checking dlfcn.h usability
configure:4778: /home/yangkai/mixpad_minigui_app/lib_src/mspider-2.2.0/../..//tools/toolchain/bin/aarch64-linux-gcc -c -I/home/yangkai/mixpad_minigui_app/lib_src/mspider-2.2.0/../..//tools/toolchain/usr/include -I/home/yangkai/mixpad_minigui_app/lib_src/mspider-2.2.0/../..//tools/toolchain/include -I/home/yangkai/mixpad_minigui_app/lib_src/mspider-2.2.0/../..//sysroot/usr/include  -I/home/yangkai/mixpad_minigui_app/lib_src/mspider-2.2.0/../..//libs/include -I/home/yangkai/mixpad_minigui_app/lib_src/mspider-2.2.0/../..//tools/toolchain/usr/include -I/home/yangkai/mixpad_minigui_app/lib_src/mspider-2.2.0/../..//tools/toolchain/include -I/home/yangkai/mixpad_minigui_app/lib_src/mspider-2.2.0/../..//sysroot/usr/include  -I/home/yangkai/mixpad_minigui_app/lib_src/mspider-2.2.0/../..//libs/include conftest.c >&5
configure:4778: $? = 0
configure:4778: result: yes
configure:4778: checking dlfcn.h presence
configure:4778: /home/yangkai/mixpad_minigui_app/lib_src/mspider-2.2.0/../..//tools/toolchain/bin/aarch64-linux-gcc -E -I/home/yangkai/mixpad_minigui_app/lib_src/mspider-2.2.0/../..//tools/toolchain/usr/include -I/home/yangkai/mixpad_minigui_app/lib_src/mspider-2.2.0/../..//tools/toolchain/include -I/home/yangkai/mixpad_minigui_app/lib_src/mspider-2.2.0/../..//sysroot/usr/include  -I/home/yangkai/mixpad_minigui_app/lib_src/mspider-2.2.0/../..//libs/include conftest.c
configure:4778: $? = 0
configure:4778: result: yes
configure:4778: checking for dlfcn.h
configure:4778: result: yes
configure:4797: checking for arm-linux-file
configure:4855: result: no
configure:4861: checking for file
configure:4916: result: /usr/bin/file
configure:4935: checking for arm-linux-ranlib
configure:4962: result: ranlib
configure:5027: checking for arm-linux-strip
configure:5057: result: no
configure:5067: checking for strip
configure:5083: found /usr/bin/strip
configure:5094: result: strip
configure:5297: checking for objdir
configure:5308: result: .libs
configure:5329: checking for /home/yangkai/mixpad_minigui_app/lib_src/mspider-2.2.0/../..//tools/toolchain/bin/aarch64-linux-gcc option to produce PIC
configure:5475: result: -fPIC
configure:5479: checking if /home/yangkai/mixpad_minigui_app/lib_src/mspider-2.2.0/../..//tools/toolchain/bin/aarch64-linux-gcc PIC flag -fPIC works
configure:5497: /home/yangkai/mixpad_minigui_app/lib_src/mspider-2.2.0/../..//tools/toolchain/bin/aarch64-linux-gcc -c -I/home/yangkai/mixpad_minigui_app/lib_src/mspider-2.2.0/../..//tools/toolchain/usr/include -I/home/yangkai/mixpad_minigui_app/lib_src/mspider-2.2.0/../..//tools/toolchain/include -I/home/yangkai/mixpad_minigui_app/lib_src/mspider-2.2.0/../..//sysroot/usr/include  -I/home/yangkai/mixpad_minigui_app/lib_src/mspider-2.2.0/../..//libs/include -fPIC -DPIC -I/home/yangkai/mixpad_minigui_app/lib_src/mspider-2.2.0/../..//tools/toolchain/usr/include -I/home/yangkai/mixpad_minigui_app/lib_src/mspider-2.2.0/../..//tools/toolchain/include -I/home/yangkai/mixpad_minigui_app/lib_src/mspider-2.2.0/../..//sysroot/usr/include  -I/home/yangkai/mixpad_minigui_app/lib_src/mspider-2.2.0/../..//libs/include conftest.c >&5
configure:5497: $? = 0
configure:5531: result: yes
configure:5551: checking if /home/yangkai/mixpad_minigui_app/lib_src/mspider-2.2.0/../..//tools/toolchain/bin/aarch64-linux-gcc static flag -static works
configure:5570: /home/yangkai/mixpad_minigui_app/lib_src/mspider-2.2.0/../..//tools/toolchain/bin/aarch64-linux-gcc -o conftest -I/home/yangkai/mixpad_minigui_app/lib_src/mspider-2.2.0/../..//tools/toolchain/usr/include -I/home/yangkai/mixpad_minigui_app/lib_src/mspider-2.2.0/../..//tools/toolchain/include -I/home/yangkai/mixpad_minigui_app/lib_src/mspider-2.2.0/../..//sysroot/usr/include  -I/home/yangkai/mixpad_minigui_app/lib_src/mspider-2.2.0/../..//libs/include -I/home/yangkai/mixpad_minigui_app/lib_src/mspider-2.2.0/../..//tools/toolchain/usr/include -I/home/yangkai/mixpad_minigui_app/lib_src/mspider-2.2.0/../..//tools/toolchain/include -I/home/yangkai/mixpad_minigui_app/lib_src/mspider-2.2.0/../..//sysroot/usr/include  -I/home/yangkai/mixpad_minigui_app/lib_src/mspider-2.2.0/../..//libs/include -L/home/yangkai/mixpad_minigui_app/lib_src/mspider-2.2.0/../..//libs/lib/libminigui_ths -static conftest.c  >&5
configure:5570: $? = 0
configure:5582: result: yes
configure:5598: checking if /home/yangkai/mixpad_minigui_app/lib_src/mspider-2.2.0/../..//tools/toolchain/bin/aarch64-linux-gcc supports -c -o file.o
configure:5618: /home/yangkai/mixpad_minigui_app/lib_src/mspider-2.2.0/../..//tools/toolchain/bin/aarch64-linux-gcc -c -I/home/yangkai/mixpad_minigui_app/lib_src/mspider-2.2.0/../..//tools/toolchain/usr/include -I/home/yangkai/mixpad_minigui_app/lib_src/mspider-2.2.0/../..//tools/toolchain/include -I/home/yangkai/mixpad_minigui_app/lib_src/mspider-2.2.0/../..//sysroot/usr/include  -I/home/yangkai/mixpad_minigui_app/lib_src/mspider-2.2.0/../..//libs/include -o out/conftest2.o -I/home/yangkai/mixpad_minigui_app/lib_src/mspider-2.2.0/../..//tools/toolchain/usr/include -I/home/yangkai/mixpad_minigui_app/lib_src/mspider-2.2.0/../..//tools/toolchain/include -I/home/yangkai/mixpad_minigui_app/lib_src/mspider-2.2.0/../..//sysroot/usr/include  -I/home/yangkai/mixpad_minigui_app/lib_src/mspider-2.2.0/../..//libs/include conftest.c >&5
configure:5642: result: yes
configure:5647: checking if /home/yangkai/mixpad_minigui_app/lib_src/mspider-2.2.0/../..//tools/toolchain/bin/aarch64-linux-gcc supports -c -o file.lo
configure:5669: /home/yangkai/mixpad_minigui_app/lib_src/mspider-2.2.0/../..//tools/toolchain/bin/aarch64-linux-gcc -c -I/home/yangkai/mixpad_minigui_app/lib_src/mspider-2.2.0/../..//tools/toolchain/usr/include -I/home/yangkai/mixpad_minigui_app/lib_src/mspider-2.2.0/../..//tools/toolchain/include -I/home/yangkai/mixpad_minigui_app/lib_src/mspider-2.2.0/../..//sysroot/usr/include  -I/home/yangkai/mixpad_minigui_app/lib_src/mspider-2.2.0/../..//libs/include -c -o conftest.lo -I/home/yangkai/mixpad_minigui_app/lib_src/mspider-2.2.0/../..//tools/toolchain/usr/include -I/home/yangkai/mixpad_minigui_app/lib_src/mspider-2.2.0/../..//tools/toolchain/include -I/home/yangkai/mixpad_minigui_app/lib_src/mspider-2.2.0/../..//sysroot/usr/include  -I/home/yangkai/mixpad_minigui_app/lib_src/mspider-2.2.0/../..//libs/include conftest.c >&5
configure:5669: $? = 0
configure:5686: result: yes
configure:5725: checking if /home/yangkai/mixpad_minigui_app/lib_src/mspider-2.2.0/../..//tools/toolchain/bin/aarch64-linux-gcc supports -fno-rtti -fno-exceptions
configure:5742: /home/yangkai/mixpad_minigui_app/lib_src/mspider-2.2.0/../..//tools/toolchain/bin/aarch64-linux-gcc -c -I/home/yangkai/mixpad_minigui_app/lib_src/mspider-2.2.0/../..//tools/toolchain/usr/include -I/home/yangkai/mixpad_minigui_app/lib_src/mspider-2.2.0/../..//tools/toolchain/include -I/home/yangkai/mixpad_minigui_app/lib_src/mspider-2.2.0/../..//sysroot/usr/include  -I/home/yangkai/mixpad_minigui_app/lib_src/mspider-2.2.0/../..//libs/include -fno-rtti -fno-exceptions -c conftest.c -I/home/yangkai/mixpad_minigui_app/lib_src/mspider-2.2.0/../..//tools/toolchain/usr/include -I/home/yangkai/mixpad_minigui_app/lib_src/mspider-2.2.0/../..//tools/toolchain/include -I/home/yangkai/mixpad_minigui_app/lib_src/mspider-2.2.0/../..//sysroot/usr/include  -I/home/yangkai/mixpad_minigui_app/lib_src/mspider-2.2.0/../..//libs/include conftest.c >&5
cc1: warning: command line option '-fno-rtti' is valid for C++/ObjC++ but not for C
cc1: warning: command line option '-fno-rtti' is valid for C++/ObjC++ but not for C
configure:5742: $? = 0
configure:5754: result: no
configure:5769: checking whether the linker (/home/yangkai/mixpad_rk3326_linux/buildroot/output/rockchip_rk3326_64/host/aarch64-buildroot-linux-gnu/bin/ld) supports shared libraries
configure:6464: result: yes
configure:6473: checking how to hardcode library paths into programs
configure:6497: result: immediate
configure:6506: checking whether stripping libraries is possible
configure:6511: result: yes
configure:6526: checking dynamic linker characteristics
configure:6957: result: GNU/Linux ld.so
configure:6966: checking if libtool supports shared libraries
configure:6968: result: yes
configure:6975: checking whether to build shared libraries
configure:6996: result: yes
configure:7003: checking whether to build static libraries
configure:7007: result: yes
configure:7471: checking whether -lc should be explicitly linked in
configure:7479: /home/yangkai/mixpad_minigui_app/lib_src/mspider-2.2.0/../..//tools/toolchain/bin/aarch64-linux-gcc -c -I/home/yangkai/mixpad_minigui_app/lib_src/mspider-2.2.0/../..//tools/toolchain/usr/include -I/home/yangkai/mixpad_minigui_app/lib_src/mspider-2.2.0/../..//tools/toolchain/include -I/home/yangkai/mixpad_minigui_app/lib_src/mspider-2.2.0/../..//sysroot/usr/include  -I/home/yangkai/mixpad_minigui_app/lib_src/mspider-2.2.0/../..//libs/include -I/home/yangkai/mixpad_minigui_app/lib_src/mspider-2.2.0/../..//tools/toolchain/usr/include -I/home/yangkai/mixpad_minigui_app/lib_src/mspider-2.2.0/../..//tools/toolchain/include -I/home/yangkai/mixpad_minigui_app/lib_src/mspider-2.2.0/../..//sysroot/usr/include  -I/home/yangkai/mixpad_minigui_app/lib_src/mspider-2.2.0/../..//libs/include conftest.c >&5
configure:7482: $? = 0
configure:7496: /home/yangkai/mixpad_minigui_app/lib_src/mspider-2.2.0/../..//tools/toolchain/bin/aarch64-linux-gcc -shared conftest.o  -v -Wl,-soname -Wl,conftest -o conftest 2\>\&1 \| grep  -lc  \>/dev/null 2\>\&1
configure:7499: $? = 0
configure:7512: result: no
configure:8091: checking whether ln -s works
configure:8095: result: yes
configure:8102: checking whether make sets $(MAKE)
configure:8124: result: yes
configure:8150: checking for a BSD-compatible install
configure:8218: result: /usr/bin/install -c
configure:8229: checking whether build environment is sane
configure:8279: result: yes
configure:8328: checking for arm-linux-strip
configure:8355: result: strip
configure:8420: checking for a thread-safe mkdir -p
configure:8459: result: /bin/mkdir -p
configure:8472: checking for gawk
configure:8488: found /usr/bin/gawk
configure:8499: result: gawk
configure:8531: checking for style of include used by make
configure:8559: result: GNU
configure:8635: checking dependency style of /home/yangkai/mixpad_minigui_app/lib_src/mspider-2.2.0/../..//tools/toolchain/bin/aarch64-linux-gcc
configure:8745: result: gcc3
configure:8762: checking dependency style of /home/yangkai/mixpad_minigui_app/lib_src/mspider-2.2.0/../..//tools/toolchain/bin/aarch64-linux-g++
configure:8872: result: gcc3
configure:8889: checking for an ANSI C-conforming const
configure:8954: /home/yangkai/mixpad_minigui_app/lib_src/mspider-2.2.0/../..//tools/toolchain/bin/aarch64-linux-gcc -c -I/home/yangkai/mixpad_minigui_app/lib_src/mspider-2.2.0/../..//tools/toolchain/usr/include -I/home/yangkai/mixpad_minigui_app/lib_src/mspider-2.2.0/../..//tools/toolchain/include -I/home/yangkai/mixpad_minigui_app/lib_src/mspider-2.2.0/../..//sysroot/usr/include  -I/home/yangkai/mixpad_minigui_app/lib_src/mspider-2.2.0/../..//libs/include -I/home/yangkai/mixpad_minigui_app/lib_src/mspider-2.2.0/../..//tools/toolchain/usr/include -I/home/yangkai/mixpad_minigui_app/lib_src/mspider-2.2.0/../..//tools/toolchain/include -I/home/yangkai/mixpad_minigui_app/lib_src/mspider-2.2.0/../..//sysroot/usr/include  -I/home/yangkai/mixpad_minigui_app/lib_src/mspider-2.2.0/../..//libs/include conftest.c >&5
configure:8954: $? = 0
configure:8961: result: yes
configure:8970: checking for ANSI C header files
configure:9074: result: yes
configure:9082: checking for sys/wait.h that is POSIX.1 compatible
configure:9108: /home/yangkai/mixpad_minigui_app/lib_src/mspider-2.2.0/../..//tools/toolchain/bin/aarch64-linux-gcc -c -I/home/yangkai/mixpad_minigui_app/lib_src/mspider-2.2.0/../..//tools/toolchain/usr/include -I/home/yangkai/mixpad_minigui_app/lib_src/mspider-2.2.0/../..//tools/toolchain/include -I/home/yangkai/mixpad_minigui_app/lib_src/mspider-2.2.0/../..//sysroot/usr/include  -I/home/yangkai/mixpad_minigui_app/lib_src/mspider-2.2.0/../..//libs/include -I/home/yangkai/mixpad_minigui_app/lib_src/mspider-2.2.0/../..//tools/toolchain/usr/include -I/home/yangkai/mixpad_minigui_app/lib_src/mspider-2.2.0/../..//tools/toolchain/include -I/home/yangkai/mixpad_minigui_app/lib_src/mspider-2.2.0/../..//sysroot/usr/include  -I/home/yangkai/mixpad_minigui_app/lib_src/mspider-2.2.0/../..//libs/include conftest.c >&5
configure:9108: $? = 0
configure:9115: result: yes
configure:9123: checking whether time.h and sys/time.h may both be included
configure:9143: /home/yangkai/mixpad_minigui_app/lib_src/mspider-2.2.0/../..//tools/toolchain/bin/aarch64-linux-gcc -c -I/home/yangkai/mixpad_minigui_app/lib_src/mspider-2.2.0/../..//tools/toolchain/usr/include -I/home/yangkai/mixpad_minigui_app/lib_src/mspider-2.2.0/../..//tools/toolchain/include -I/home/yangkai/mixpad_minigui_app/lib_src/mspider-2.2.0/../..//sysroot/usr/include  -I/home/yangkai/mixpad_minigui_app/lib_src/mspider-2.2.0/../..//libs/include -I/home/yangkai/mixpad_minigui_app/lib_src/mspider-2.2.0/../..//tools/toolchain/usr/include -I/home/yangkai/mixpad_minigui_app/lib_src/mspider-2.2.0/../..//tools/toolchain/include -I/home/yangkai/mixpad_minigui_app/lib_src/mspider-2.2.0/../..//sysroot/usr/include  -I/home/yangkai/mixpad_minigui_app/lib_src/mspider-2.2.0/../..//libs/include conftest.c >&5
configure:9143: $? = 0
configure:9150: result: yes
configure:9161: checking sys/time.h usability
configure:9161: /home/yangkai/mixpad_minigui_app/lib_src/mspider-2.2.0/../..//tools/toolchain/bin/aarch64-linux-gcc -c -I/home/yangkai/mixpad_minigui_app/lib_src/mspider-2.2.0/../..//tools/toolchain/usr/include -I/home/yangkai/mixpad_minigui_app/lib_src/mspider-2.2.0/../..//tools/toolchain/include -I/home/yangkai/mixpad_minigui_app/lib_src/mspider-2.2.0/../..//sysroot/usr/include  -I/home/yangkai/mixpad_minigui_app/lib_src/mspider-2.2.0/../..//libs/include -I/home/yangkai/mixpad_minigui_app/lib_src/mspider-2.2.0/../..//tools/toolchain/usr/include -I/home/yangkai/mixpad_minigui_app/lib_src/mspider-2.2.0/../..//tools/toolchain/include -I/home/yangkai/mixpad_minigui_app/lib_src/mspider-2.2.0/../..//sysroot/usr/include  -I/home/yangkai/mixpad_minigui_app/lib_src/mspider-2.2.0/../..//libs/include conftest.c >&5
configure:9161: $? = 0
configure:9161: result: yes
configure:9161: checking sys/time.h presence
configure:9161: /home/yangkai/mixpad_minigui_app/lib_src/mspider-2.2.0/../..//tools/toolchain/bin/aarch64-linux-gcc -E -I/home/yangkai/mixpad_minigui_app/lib_src/mspider-2.2.0/../..//tools/toolchain/usr/include -I/home/yangkai/mixpad_minigui_app/lib_src/mspider-2.2.0/../..//tools/toolchain/include -I/home/yangkai/mixpad_minigui_app/lib_src/mspider-2.2.0/../..//sysroot/usr/include  -I/home/yangkai/mixpad_minigui_app/lib_src/mspider-2.2.0/../..//libs/include conftest.c
configure:9161: $? = 0
configure:9161: result: yes
configure:9161: checking for sys/time.h
configure:9161: result: yes
configure:9161: checking for unistd.h
configure:9161: result: yes
configure:9288: checking for jpeg_std_error in -ljpeg
configure:9313: /home/yangkai/mixpad_minigui_app/lib_src/mspider-2.2.0/../..//tools/toolchain/bin/aarch64-linux-gcc -o conftest -I/home/yangkai/mixpad_minigui_app/lib_src/mspider-2.2.0/../..//tools/toolchain/usr/include -I/home/yangkai/mixpad_minigui_app/lib_src/mspider-2.2.0/../..//tools/toolchain/include -I/home/yangkai/mixpad_minigui_app/lib_src/mspider-2.2.0/../..//sysroot/usr/include  -I/home/yangkai/mixpad_minigui_app/lib_src/mspider-2.2.0/../..//libs/include -I/home/yangkai/mixpad_minigui_app/lib_src/mspider-2.2.0/../..//tools/toolchain/usr/include -I/home/yangkai/mixpad_minigui_app/lib_src/mspider-2.2.0/../..//tools/toolchain/include -I/home/yangkai/mixpad_minigui_app/lib_src/mspider-2.2.0/../..//sysroot/usr/include  -I/home/yangkai/mixpad_minigui_app/lib_src/mspider-2.2.0/../..//libs/include -L/home/yangkai/mixpad_minigui_app/lib_src/mspider-2.2.0/../..//libs/lib/libminigui_ths conftest.c -ljpeg -lm  >&5
configure:9313: $? = 0
configure:9322: result: yes
configure:9333: checking for png_check_sig in -lpng
configure:9358: /home/yangkai/mixpad_minigui_app/lib_src/mspider-2.2.0/../..//tools/toolchain/bin/aarch64-linux-gcc -o conftest -I/home/yangkai/mixpad_minigui_app/lib_src/mspider-2.2.0/../..//tools/toolchain/usr/include -I/home/yangkai/mixpad_minigui_app/lib_src/mspider-2.2.0/../..//tools/toolchain/include -I/home/yangkai/mixpad_minigui_app/lib_src/mspider-2.2.0/../..//sysroot/usr/include  -I/home/yangkai/mixpad_minigui_app/lib_src/mspider-2.2.0/../..//libs/include -I/home/yangkai/mixpad_minigui_app/lib_src/mspider-2.2.0/../..//tools/toolchain/usr/include -I/home/yangkai/mixpad_minigui_app/lib_src/mspider-2.2.0/../..//tools/toolchain/include -I/home/yangkai/mixpad_minigui_app/lib_src/mspider-2.2.0/../..//sysroot/usr/include  -I/home/yangkai/mixpad_minigui_app/lib_src/mspider-2.2.0/../..//libs/include -L/home/yangkai/mixpad_minigui_app/lib_src/mspider-2.2.0/../..//libs/lib/libminigui_ths conftest.c -lpng -lm  >&5
configure:9358: $? = 0
configure:9367: result: yes
configure:9607: checking minigui/common.h usability
configure:9607: /home/yangkai/mixpad_minigui_app/lib_src/mspider-2.2.0/../..//tools/toolchain/bin/aarch64-linux-gcc -c -I/home/yangkai/mixpad_minigui_app/lib_src/mspider-2.2.0/../..//tools/toolchain/usr/include -I/home/yangkai/mixpad_minigui_app/lib_src/mspider-2.2.0/../..//tools/toolchain/include -I/home/yangkai/mixpad_minigui_app/lib_src/mspider-2.2.0/../..//sysroot/usr/include  -I/home/yangkai/mixpad_minigui_app/lib_src/mspider-2.2.0/../..//libs/include -I/home/yangkai/mixpad_minigui_app/lib_src/mspider-2.2.0/../..//tools/toolchain/usr/include -I/home/yangkai/mixpad_minigui_app/lib_src/mspider-2.2.0/../..//tools/toolchain/include -I/home/yangkai/mixpad_minigui_app/lib_src/mspider-2.2.0/../..//sysroot/usr/include  -I/home/yangkai/mixpad_minigui_app/lib_src/mspider-2.2.0/../..//libs/include conftest.c >&5
configure:9607: $? = 0
configure:9607: result: yes
configure:9607: checking minigui/common.h presence
configure:9607: /home/yangkai/mixpad_minigui_app/lib_src/mspider-2.2.0/../..//tools/toolchain/bin/aarch64-linux-gcc -E -I/home/yangkai/mixpad_minigui_app/lib_src/mspider-2.2.0/../..//tools/toolchain/usr/include -I/home/yangkai/mixpad_minigui_app/lib_src/mspider-2.2.0/../..//tools/toolchain/include -I/home/yangkai/mixpad_minigui_app/lib_src/mspider-2.2.0/../..//sysroot/usr/include  -I/home/yangkai/mixpad_minigui_app/lib_src/mspider-2.2.0/../..//libs/include conftest.c
configure:9607: $? = 0
configure:9607: result: yes
configure:9607: checking for minigui/common.h
configure:9607: result: yes
configure:9724: checking pkg-config is at least version 0.9.0
configure:9727: result: yes
configure:9738: checking for MINIGUI
configure:9746: $PKG_CONFIG --exists --print-errors "minigui >= 3.0.10"
configure:9749: $? = 0
configure:9764: $PKG_CONFIG --exists --print-errors "minigui >= 3.0.10"
configure:9767: $? = 0
configure:9822: result: yes
configure:9956: creating ./config.status

## ---------------------- ##
## Running config.status. ##
## ---------------------- ##

This file was extended by config.status, which was
generated by GNU Autoconf 2.65.  Invocation command line was

  CONFIG_FILES    = 
  CONFIG_HEADERS  = 
  CONFIG_LINKS    = 
  CONFIG_COMMANDS = 
  $ ./config.status 

on ubuntu

config.status:907: creating Makefile
config.status:907: creating m4/Makefile
config.status:907: creating glib/Makefile
config.status:907: creating mpegsound/Makefile
config.status:907: creating flash/Makefile
config.status:907: creating include/Makefile
config.status:907: creating src/io/Makefile
config.status:907: creating src/js/Makefile
config.status:907: creating src/Makefile
config.status:907: creating test/Makefile
config.status:907: creating test/simple/Makefile
config.status:907: creating mgdconfig.h
config.status:1127: executing depfiles commands

## ---------------- ##
## Cache variables. ##
## ---------------- ##

ac_cv_build=i386-pc-linux-gnu
ac_cv_c_compiler_gnu=yes
ac_cv_c_const=yes
ac_cv_cxx_compiler_gnu=yes
ac_cv_env_CCC_set=
ac_cv_env_CCC_value=
ac_cv_env_CC_set=set
ac_cv_env_CC_value=/home/yangkai/mixpad_minigui_app/lib_src/mspider-2.2.0/../..//tools/toolchain/bin/aarch64-linux-gcc
ac_cv_env_CFLAGS_set=set
ac_cv_env_CFLAGS_value='-I/home/yangkai/mixpad_minigui_app/lib_src/mspider-2.2.0/../..//tools/toolchain/usr/include -I/home/yangkai/mixpad_minigui_app/lib_src/mspider-2.2.0/../..//tools/toolchain/include -I/home/yangkai/mixpad_minigui_app/lib_src/mspider-2.2.0/../..//sysroot/usr/include  -I/home/yangkai/mixpad_minigui_app/lib_src/mspider-2.2.0/../..//libs/include'
ac_cv_env_CPPFLAGS_set=set
ac_cv_env_CPPFLAGS_value='-I/home/yangkai/mixpad_minigui_app/lib_src/mspider-2.2.0/../..//tools/toolchain/usr/include -I/home/yangkai/mixpad_minigui_app/lib_src/mspider-2.2.0/../..//tools/toolchain/include -I/home/yangkai/mixpad_minigui_app/lib_src/mspider-2.2.0/../..//sysroot/usr/include  -I/home/yangkai/mixpad_minigui_app/lib_src/mspider-2.2.0/../..//libs/include'
ac_cv_env_CPP_set=
ac_cv_env_CPP_value=
ac_cv_env_CXXFLAGS_set=
ac_cv_env_CXXFLAGS_value=
ac_cv_env_CXX_set=set
ac_cv_env_CXX_value=/home/yangkai/mixpad_minigui_app/lib_src/mspider-2.2.0/../..//tools/toolchain/bin/aarch64-linux-g++
ac_cv_env_LDFLAGS_set=set
ac_cv_env_LDFLAGS_value=-L/home/yangkai/mixpad_minigui_app/lib_src/mspider-2.2.0/../..//libs/lib/libminigui_ths
ac_cv_env_LIBS_set=
ac_cv_env_LIBS_value=
ac_cv_env_MINIGUI_CFLAGS_set=
ac_cv_env_MINIGUI_CFLAGS_value=
ac_cv_env_MINIGUI_LIBS_set=
ac_cv_env_MINIGUI_LIBS_value=
ac_cv_env_PKG_CONFIG_set=set
ac_cv_env_PKG_CONFIG_value=/home/yangkai/mixpad_minigui_app/lib_src/mspider-2.2.0/../..//tools/toolchain/bin/pkg-config
ac_cv_env_build_alias_set=set
ac_cv_env_build_alias_value=i386-linux
ac_cv_env_host_alias_set=set
ac_cv_env_host_alias_value=arm-linux
ac_cv_env_target_alias_set=
ac_cv_env_target_alias_value=
ac_cv_header_dlfcn_h=yes
ac_cv_header_inttypes_h=yes
ac_cv_header_memory_h=yes
ac_cv_header_minigui_common_h=yes
ac_cv_header_stdc=yes
ac_cv_header_stdint_h=yes
ac_cv_header_stdlib_h=yes
ac_cv_header_string_h=yes
ac_cv_header_strings_h=yes
ac_cv_header_sys_stat_h=yes
ac_cv_header_sys_time_h=yes
ac_cv_header_sys_types_h=yes
ac_cv_header_sys_wait_h=yes
ac_cv_header_time=yes
ac_cv_header_unistd_h=yes
ac_cv_host=arm-unknown-linux-gnu
ac_cv_lib_jpeg_jpeg_std_error=yes
ac_cv_lib_png_png_check_sig=yes
ac_cv_objext=o
ac_cv_path_EGREP='/bin/grep -E'
ac_cv_path_GREP=/bin/grep
ac_cv_path_install='/usr/bin/install -c'
ac_cv_path_mkdir=/bin/mkdir
ac_cv_prog_AWK=gawk
ac_cv_prog_CC=/home/yangkai/mixpad_minigui_app/lib_src/mspider-2.2.0/../..//tools/toolchain/bin/aarch64-linux-gcc
ac_cv_prog_CPP='/home/yangkai/mixpad_minigui_app/lib_src/mspider-2.2.0/../..//tools/toolchain/bin/aarch64-linux-gcc -E'
ac_cv_prog_RANLIB=ranlib
ac_cv_prog_STRIP=strip
ac_cv_prog_ac_ct_RANLIB=ranlib
ac_cv_prog_ac_ct_STRIP=strip
ac_cv_prog_cc_c89=
ac_cv_prog_cc_g=yes
ac_cv_prog_cxx_g=yes
ac_cv_prog_make_make_set=yes
ac_cv_target=arm-unknown-linux-gnu
am_cv_CC_dependencies_compiler_type=gcc3
am_cv_CXX_dependencies_compiler_type=gcc3
lt_cv_archive_cmds_need_lc=no
lt_cv_compiler_c_o=yes
lt_cv_compiler_o_lo=yes
lt_cv_deplibs_check_method='file_magic ELF [0-9][0-9]*-bit [LM]SB (shared object|dynamic lib )'
lt_cv_file_magic_cmd='$MAGIC_CMD'
lt_cv_file_magic_test_file='/lib/libc.so* /lib/libc-*.so'
lt_cv_global_symbol_to_c_name_address='sed -n -e '\''s/^: \([^ ]*\) $/  {\"\1\", (lt_ptr) 0},/p'\'' -e '\''s/^[BCDEGRST] \([^ ]*\) \([^ ]*\)$/  {"\2", (lt_ptr) \&\2},/p'\'''
lt_cv_global_symbol_to_cdecl='sed -n -e '\''s/^. .* \(.*\)$/extern char \1;/p'\'''
lt_cv_ld_reload_flag=-r
lt_cv_path_LD=/home/yangkai/mixpad_rk3326_linux/buildroot/output/rockchip_rk3326_64/host/aarch64-buildroot-linux-gnu/bin/ld
lt_cv_path_MAGIC_CMD=/usr/bin/file
lt_cv_path_NM=nm
lt_cv_path_SED=/bin/sed
lt_cv_prog_cc_can_build_shared=yes
lt_cv_prog_cc_no_builtin=
lt_cv_prog_cc_pic=' -fPIC'
lt_cv_prog_cc_pic_works=yes
lt_cv_prog_cc_shlib=
lt_cv_prog_cc_static=-static
lt_cv_prog_cc_static_works=yes
lt_cv_prog_cc_wl=-Wl,
lt_cv_prog_gnu_ld=yes
lt_cv_sys_global_symbol_pipe='sed -n -e '\''s/^.*[ 	]\([ABCDGISTW][ABCDGISTW]*\)[ 	][ 	]*\(\)\([_A-Za-z][_A-Za-z0-9]*\)$/\1 \2\3 \3/p'\'''
pkg_cv_MINIGUI_CFLAGS='-I/home/yangkai/mixpad_minigui_app/lib_src/mspider-2.2.0/../..//tools/toolchain/bin/../aarch64-buildroot-linux-gnu/sysroot/usr/include  '
pkg_cv_MINIGUI_LIBS='-L/home/yangkai/mixpad_minigui_app/lib_src/mspider-2.2.0/../..//tools/toolchain/bin/../aarch64-buildroot-linux-gnu/sysroot/usr/lib -lminigui_ths  -ldrm -ljpeg -lpng -lm -lts -lfreetype -lpthread  '

## ----------------- ##
## Output variables. ##
## ----------------- ##

ACLOCAL='${SHELL} /home/yangkai/mixpad_minigui_app/lib_src/mspider-2.2.0/missing --run aclocal-1.11'
AMDEPBACKSLASH='\'
AMDEP_FALSE='#'
AMDEP_TRUE=''
AMTAR='${SHELL} /home/yangkai/mixpad_minigui_app/lib_src/mspider-2.2.0/missing --run tar'
AUTOCONF='${SHELL} /home/yangkai/mixpad_minigui_app/lib_src/mspider-2.2.0/missing --run autoconf'
AUTOHEADER='${SHELL} /home/yangkai/mixpad_minigui_app/lib_src/mspider-2.2.0/missing --run autoheader'
AUTOMAKE='${SHELL} /home/yangkai/mixpad_minigui_app/lib_src/mspider-2.2.0/missing --run automake-1.11'
AWK='gawk'
BUILD_FLASH_FALSE=''
BUILD_FLASH_TRUE='#'
CC='/home/yangkai/mixpad_minigui_app/lib_src/mspider-2.2.0/../..//tools/toolchain/bin/aarch64-linux-gcc'
CCDEPMODE='depmode=gcc3'
CFLAGS='-I/home/yangkai/mixpad_minigui_app/lib_src/mspider-2.2.0/../..//tools/toolchain/usr/include -I/home/yangkai/mixpad_minigui_app/lib_src/mspider-2.2.0/../..//tools/toolchain/include -I/home/yangkai/mixpad_minigui_app/lib_src/mspider-2.2.0/../..//sysroot/usr/include  -I/home/yangkai/mixpad_minigui_app/lib_src/mspider-2.2.0/../..//libs/include'
CPP='/home/yangkai/mixpad_minigui_app/lib_src/mspider-2.2.0/../..//tools/toolchain/bin/aarch64-linux-gcc -E'
CPPFLAGS='-I/home/yangkai/mixpad_minigui_app/lib_src/mspider-2.2.0/../..//tools/toolchain/usr/include -I/home/yangkai/mixpad_minigui_app/lib_src/mspider-2.2.0/../..//tools/toolchain/include -I/home/yangkai/mixpad_minigui_app/lib_src/mspider-2.2.0/../..//sysroot/usr/include  -I/home/yangkai/mixpad_minigui_app/lib_src/mspider-2.2.0/../..//libs/include'
CXX='/home/yangkai/mixpad_minigui_app/lib_src/mspider-2.2.0/../..//tools/toolchain/bin/aarch64-linux-g++'
CXXDEPMODE='depmode=gcc3'
CXXFLAGS='-g -O2'
CYGPATH_W='echo'
DEFS='-DHAVE_CONFIG_H'
DEPDIR='.deps'
ECHO='echo'
ECHO_C=''
ECHO_N='-n'
ECHO_T=''
EGREP='/bin/grep -E'
EXEEXT=''
GREP='/bin/grep'
INSTALL_DATA='${INSTALL} -m 644'
INSTALL_PROGRAM='${INSTALL}'
INSTALL_SCRIPT='${INSTALL}'
INSTALL_STRIP_PROGRAM='$(install_sh) -c -s'
LDFLAGS='-L/home/yangkai/mixpad_minigui_app/lib_src/mspider-2.2.0/../..//libs/lib/libminigui_ths'
LIBOBJS=''
LIBS=' -L/home/yangkai/mixpad_minigui_app/lib_src/mspider-2.2.0/../..//tools/toolchain/bin/../aarch64-buildroot-linux-gnu/sysroot/usr/lib -lminigui_ths  -ldrm -ljpeg -lpng -lm -lts -lfreetype -lpthread  '
LIBTOOL='$(SHELL) $(top_builddir)/libtool'
LN_S='ln -s'
LTLIBOBJS=''
MAKEINFO='${SHELL} /home/yangkai/mixpad_minigui_app/lib_src/mspider-2.2.0/missing --run makeinfo'
MINIGUI_CFLAGS='-I/home/yangkai/mixpad_minigui_app/lib_src/mspider-2.2.0/../..//tools/toolchain/bin/../aarch64-buildroot-linux-gnu/sysroot/usr/include  '
MINIGUI_LIBS='-L/home/yangkai/mixpad_minigui_app/lib_src/mspider-2.2.0/../..//tools/toolchain/bin/../aarch64-buildroot-linux-gnu/sysroot/usr/lib -lminigui_ths  -ldrm -ljpeg -lpng -lm -lts -lfreetype -lpthread  '
MKDIR_P='/bin/mkdir -p'
OBJEXT='o'
PACKAGE='mspider'
PACKAGE_BUGREPORT=''
PACKAGE_NAME=''
PACKAGE_STRING=''
PACKAGE_TARNAME=''
PACKAGE_URL=''
PACKAGE_VERSION=''
PATH_SEPARATOR=':'
PKG_CONFIG='/home/yangkai/mixpad_minigui_app/lib_src/mspider-2.2.0/../..//tools/toolchain/bin/pkg-config'
RANLIB='ranlib'
SET_MAKE=''
SHELL='/bin/bash'
STRIP='strip'
SYSTEM_LIBS=' -ljpeg -lpng -lz -ljpeg -lpng'
VERSION='2.2.0'
ac_ct_CC=''
ac_ct_CXX=''
am__EXEEXT_FALSE=''
am__EXEEXT_TRUE='#'
am__fastdepCC_FALSE='#'
am__fastdepCC_TRUE=''
am__fastdepCXX_FALSE='#'
am__fastdepCXX_TRUE=''
am__include='include'
am__isrc=''
am__leading_dot='.'
am__quote=''
am__tar='${AMTAR} chof - "$$tardir"'
am__untar='${AMTAR} xf -'
bindir='${exec_prefix}/bin'
build='i386-pc-linux-gnu'
build_alias='i386-linux'
build_cpu='i386'
build_os='linux-gnu'
build_vendor='pc'
datadir='${datarootdir}'
datarootdir='${prefix}/share'
docdir='${datarootdir}/doc/${PACKAGE}'
dvidir='${docdir}'
exec_prefix='${prefix}'
host='arm-unknown-linux-gnu'
host_alias='arm-linux'
host_cpu='arm'
host_os='linux-gnu'
host_vendor='unknown'
htmldir='${docdir}'
includedir='${prefix}/include'
infodir='${datarootdir}/info'
install_sh='${SHELL} /home/yangkai/mixpad_minigui_app/lib_src/mspider-2.2.0/install-sh'
libdir='${exec_prefix}/lib'
libexecdir='${exec_prefix}/libexec'
localedir='${datarootdir}/locale'
localstatedir='${prefix}/var'
mandir='${datarootdir}/man'
mkdir_p='/bin/mkdir -p'
oldincludedir='/usr/include'
pdfdir='${docdir}'
prefix='/home/yangkai/mixpad_minigui_app/lib_src/mspider-2.2.0/../..//libs'
program_transform_name='s,x,x,'
psdir='${docdir}'
sbindir='${exec_prefix}/sbin'
sharedstatedir='${prefix}/com'
sysconfdir='${prefix}/etc'
target='arm-unknown-linux-gnu'
target_alias=''
target_cpu='arm'
target_os='linux-gnu'
target_vendor='unknown'

## ----------- ##
## confdefs.h. ##
## ----------- ##

/* confdefs.h */
#define PACKAGE_NAME ""
#define PACKAGE_TARNAME ""
#define PACKAGE_VERSION ""
#define PACKAGE_STRING ""
#define PACKAGE_BUGREPORT ""
#define PACKAGE_URL ""
#define STDC_HEADERS 1
#define HAVE_SYS_TYPES_H 1
#define HAVE_SYS_STAT_H 1
#define HAVE_STDLIB_H 1
#define HAVE_STRING_H 1
#define HAVE_MEMORY_H 1
#define HAVE_STRINGS_H 1
#define HAVE_INTTYPES_H 1
#define HAVE_STDINT_H 1
#define HAVE_UNISTD_H 1
#define HAVE_DLFCN_H 1
#define STDC_HEADERS 1
#define HAVE_SYS_WAIT_H 1
#define TIME_WITH_SYS_TIME 1
#define HAVE_SYS_TIME_H 1
#define HAVE_UNISTD_H 1
#define EMSPIDER_VERSION "2.2.0"
#define ENABLE_PTHREADS 1
#define ENABLE_GIF 1
#define ENABLE_JPEG 1
#define ENABLE_PNG 1
#define ENABLE_BMP 1
#define ENABLE_ANIMATION 1
#define ENABLE_COOKIES 1
#define HAVE_MINIGUI_COMMON_H 1

configure: exit 0
